2023-05-09 09:20:39: Experiment log path in: C:\Users\LuckyChen\Desktop\ST-SSL-main\ST-SSL-main\experiments\NYCBike1\20230509-092039
2023-05-09 09:20:39: Experiment configs are: Namespace(batch_size=32, best_path='None', d_input=2, d_model=64, d_output=2, data_dir='data', dataset='NYCBike1', debug=False, device='cuda', dropout=0.2, early_stop=True, early_stop_patience=15, epochs=100, grad_norm=True, graph_file='data/NYCBike1/adj_mx.npz', input_length=19, log_dir='C:\\Users\\LuckyChen\\Desktop\\ST-SSL-main\\ST-SSL-main\\experiments\\NYCBike1\\20230509-092039', lr_init=0.001, max_grad_norm=5, mode='train', nmb_prototype=6, num_nodes=128, percent=0.1, seed=31, shm_temp=0.5, temp=4, test_batch_size=32, use_dwa=True, yita=0.6)
2023-05-09 09:21:49: Traceback (most recent call last):
  File "C:\Users\LuckyChen\Desktop\ST-SSL-main\ST-SSL-main\main.py", line 59, in model_supervisor
    results = trainer.train() # best_eval_loss, best_epoch
  File "C:\Users\LuckyChen\Desktop\ST-SSL-main\ST-SSL-main\model\trainer.py", line 109, in train
    train_epoch_loss, loss_t = self.train_epoch(epoch, loss_weights)
  File "C:\Users\LuckyChen\Desktop\ST-SSL-main\ST-SSL-main\model\trainer.py", line 63, in train_epoch
    if self.args.grad_norm:
  File "C:\Users\LuckyChen\Desktop\ST-SSL-main\ST-SSL-main\model\trainer.py", line 63, in train_epoch
    if self.args.grad_norm:
  File "_pydevd_bundle\pydevd_cython_win32_38_64.pyx", line 1179, in _pydevd_bundle.pydevd_cython_win32_38_64.SafeCallWrapper.__call__
  File "_pydevd_bundle\pydevd_cython_win32_38_64.pyx", line 620, in _pydevd_bundle.pydevd_cython_win32_38_64.PyDBFrame.trace_dispatch
  File "_pydevd_bundle\pydevd_cython_win32_38_64.pyx", line 1095, in _pydevd_bundle.pydevd_cython_win32_38_64.PyDBFrame.trace_dispatch
  File "_pydevd_bundle\pydevd_cython_win32_38_64.pyx", line 1057, in _pydevd_bundle.pydevd_cython_win32_38_64.PyDBFrame.trace_dispatch
  File "_pydevd_bundle\pydevd_cython_win32_38_64.pyx", line 317, in _pydevd_bundle.pydevd_cython_win32_38_64.PyDBFrame.do_wait_suspend
  File "C:/Program Files/JetBrains/PyCharm 2022.2.2/plugins/python/helpers/pydev/pydevd.py", line 1160, in do_wait_suspend
    self._do_wait_suspend(thread, frame, event, arg, suspend_type, from_this_thread)
  File "C:/Program Files/JetBrains/PyCharm 2022.2.2/plugins/python/helpers/pydev/pydevd.py", line 1175, in _do_wait_suspend
    time.sleep(0.01)
KeyboardInterrupt

